<?xml version="1.0" encoding="UTF-8"?>
<!-- Generated by org.testng.reporters.JUnitXMLReporter -->
<testsuite ignored="1" hostname="DESKTOP-338DDR7" failures="0" tests="1" name="Test" time="17.67" errors="0" timestamp="2023-09-15T15:14:08 IST">
  <testcase classname="vtiger.OrganisationTests.CreateOrganisationwithIndustryTest" name="createOrgwithIndustryTest" time="8.55"/>
  <testcase classname="vtiger.OrganisationTests.CreateOrganisationwithIndustryTest" name="demo" time="0.0">
    <ignored/>
  </testcase> <!-- demo -->
</testsuite> <!-- Test -->
