<?xml version="1.0" encoding="UTF-8"?>
<testng-results ignored="0" total="1" passed="1" failed="0" skipped="0">
  <reporter-output>
  </reporter-output>
  <suite started-at="2023-09-11T14:35:28 IST" name="Default suite" finished-at="2023-09-11T14:35:28 IST" duration-ms="72">
    <groups>
    </groups>
    <test started-at="2023-09-11T14:35:28 IST" name="Default test" finished-at="2023-09-11T14:35:28 IST" duration-ms="72">
      <class name="Vtiger_Practice.ReadDataFromCmdLine">
        <test-method signature="readData()[pri:0, instance:Vtiger_Practice.ReadDataFromCmdLine@54c5a2ff]" started-at="2023-09-11T14:35:28 IST" name="readData" finished-at="2023-09-11T14:35:28 IST" duration-ms="16" status="PASS">
          <reporter-output>
          </reporter-output>
        </test-method> <!-- readData -->
      </class> <!-- Vtiger_Practice.ReadDataFromCmdLine -->
    </test> <!-- Default test -->
  </suite> <!-- Default suite -->
</testng-results>
